#-----------------------------------------------------------
# Vivado v2018.2 (64-bit)
# SW Build 2258646 on Thu Jun 14 20:03:12 MDT 2018
# IP Build 2256618 on Thu Jun 14 22:10:49 MDT 2018
# Start of session at: Sat Mar 30 17:19:46 2024
# Process ID: 12208
# Current directory: C:/Users/ansel/OneDrive/Desktop/BlackjackVivado
# Command line: vivado.exe -gui_launcher_event rodinguilauncherevent13540 C:\Users\ansel\OneDrive\Desktop\BlackjackVivado\MODS.xpr
# Log file: C:/Users/ansel/OneDrive/Desktop/BlackjackVivado/vivado.log
# Journal file: C:/Users/ansel/OneDrive/Desktop/BlackjackVivado\vivado.jou
#-----------------------------------------------------------
start_gui
open_project C:/Users/ansel/OneDrive/Desktop/BlackjackVivado/MODS.xpr
INFO: [Project 1-313] Project file moved from 'C:/Users/elegst/Documents/EE2026 Project/2023-24 Sem 1/To provide/MODS/.Xil/Vivado-31116-ECE-1CZ20808VG/PrjAr/_X_' since last save.
Scanning sources...
Finished scanning sources
INFO: [IP_Flow 19-234] Refreshing IP repositories
INFO: [IP_Flow 19-1704] No user IP repositories specified
INFO: [IP_Flow 19-2313] Loaded Vivado IP repository 'C:/Xilinx/Vivado/2018.2/data/ip'.
update_compile_order -fileset sources_1
file mkdir C:/Users/ansel/OneDrive/Desktop/BlackjackVivado/MODS.srcs/constrs_1
file mkdir C:/Users/ansel/OneDrive/Desktop/BlackjackVivado/MODS.srcs/constrs_1/new
close [ open C:/Users/ansel/OneDrive/Desktop/BlackjackVivado/MODS.srcs/constrs_1/new/my_basys3_constraints.xdc w ]
add_files -fileset constrs_1 C:/Users/ansel/OneDrive/Desktop/BlackjackVivado/MODS.srcs/constrs_1/new/my_basys3_constraints.xdc
